2025-12-13 12:53:55,666 - Successfully parsed 3GGPP/3gpp\TS24283_Lms_Information.yaml
2025-12-13 12:53:55,805 - Successfully parsed 3GGPP/3gpp\TS24283_Lms_Reporting.yaml
2025-12-13 12:53:55,834 - Successfully parsed 3GGPP/3gpp\TS24549_NSCE_SliceInfo.yaml
2025-12-13 12:53:55,872 - Successfully parsed 3GGPP/3gpp\TS24558_Eees_AppContextRelocation.yaml
2025-12-13 12:53:55,897 - Successfully parsed 3GGPP/3gpp\TS24560_Aimlec_MLModTngCapEva.yaml
2025-12-13 13:11:46,000 - Successfully parsed 3GGPP/3gpp\TS24283_Lms_Information.yaml
2025-12-13 13:11:46,138 - Successfully parsed 3GGPP/3gpp\TS24283_Lms_Reporting.yaml
2025-12-13 13:11:46,165 - Successfully parsed 3GGPP/3gpp\TS24549_NSCE_SliceInfo.yaml
2025-12-13 13:11:46,202 - Successfully parsed 3GGPP/3gpp\TS24558_Eees_AppContextRelocation.yaml
2025-12-13 13:11:46,225 - Successfully parsed 3GGPP/3gpp\TS24560_Aimlec_MLModTngCapEva.yaml
2025-12-13 13:19:59,464 - Successfully parsed 3GGPP/3gpp\TS24283_Lms_Information.yaml
2025-12-13 13:19:59,603 - Successfully parsed 3GGPP/3gpp\TS24283_Lms_Reporting.yaml
2025-12-13 13:19:59,637 - Successfully parsed 3GGPP/3gpp\TS24549_NSCE_SliceInfo.yaml
2025-12-13 13:19:59,673 - Successfully parsed 3GGPP/3gpp\TS24558_Eees_AppContextRelocation.yaml
2025-12-13 13:19:59,696 - Successfully parsed 3GGPP/3gpp\TS24560_Aimlec_MLModTngCapEva.yaml
2025-12-13 13:21:12,688 - Successfully parsed 3GGPP/3gpp\TS24283_Lms_Information.yaml
2025-12-13 13:21:12,819 - Successfully parsed 3GGPP/3gpp\TS24283_Lms_Reporting.yaml
2025-12-13 13:21:12,846 - Successfully parsed 3GGPP/3gpp\TS24549_NSCE_SliceInfo.yaml
2025-12-13 13:21:12,882 - Successfully parsed 3GGPP/3gpp\TS24558_Eees_AppContextRelocation.yaml
2025-12-13 13:21:12,914 - Successfully parsed 3GGPP/3gpp\TS24560_Aimlec_MLModTngCapEva.yaml..
